2024-11-29 12:18:14,443 - INFO - Password checked: Too short
2024-11-29 12:24:49,697 - INFO - Password checked: Too short
2024-11-29 12:27:20,455 - INFO - Password checked: Too short
2024-11-29 12:27:25,198 - INFO - Password checked: Too short
2024-11-29 12:27:41,524 - INFO - Password checked: Weak
2024-11-29 12:27:43,360 - INFO - Password checked: Weak
2024-11-29 12:27:55,935 - INFO - Password checked: Too short
2024-11-29 12:28:18,798 - INFO - Password checked: Very Strong
2024-11-29 12:28:35,531 - INFO - Password checked: Very Strong
2024-11-29 12:28:39,311 - INFO - Password checked: Too short
2024-11-29 12:28:40,821 - INFO - Password checked: Too short
2024-11-29 12:32:04,470 - INFO - Password checked: Too short
2024-11-29 12:37:58,161 - INFO - Password checked: Too short
2024-11-29 12:38:00,583 - INFO - Password checked: Too short
2024-11-29 12:38:05,829 - INFO - Password checked: Too short
2024-11-29 12:38:08,125 - INFO - Password checked: Too short
2024-11-29 12:38:11,488 - INFO - Password checked: Too short
2024-11-29 12:38:18,859 - INFO - Password checked: Very Strong
2024-11-29 12:38:22,012 - INFO - Password checked: Too short
2024-11-29 12:38:33,214 - INFO - Password checked: Weak
2024-11-29 12:38:55,980 - INFO - Password checked: Very Strong
2024-11-29 12:39:01,754 - INFO - Password checked: Very Strong
2024-11-29 12:46:08,319 - INFO - Password checked: Too short
2024-11-29 12:46:12,593 - INFO - Password checked: Weak
2024-11-29 12:47:23,568 - INFO - Password checked: Too short
2024-11-29 12:47:30,640 - INFO - Password checked: Weak
2024-11-29 12:48:44,433 - INFO - Password checked: Too short
2024-11-29 12:48:50,284 - INFO - Password checked: Too short
2024-11-29 12:48:53,417 - INFO - Password checked: Weak
2024-11-29 14:12:21,762 - INFO - Password checked: Too short
2024-11-29 14:13:09,095 - INFO - Password checked: Too short
2024-11-29 14:13:51,335 - INFO - Password checked: Too short
2024-11-29 14:21:28,299 - INFO - Password checked: Too short
2024-11-29 14:21:49,324 - INFO - Password checked: Too short
2024-11-29 14:22:13,518 - INFO - Password checked: Very Strong
2024-11-29 14:24:58,091 - INFO - Password checked: Too short
2024-11-29 14:25:11,236 - INFO - Password checked: Very Strong
2024-11-29 14:25:19,850 - INFO - Password checked: Too short
2024-11-29 14:25:23,898 - INFO - Password checked: Too short
2024-11-29 14:25:26,583 - INFO - Password checked: Weak
2024-11-29 14:55:09,845 - INFO - Password checked: Too short
2024-11-29 14:58:19,683 - INFO - Password checked: Too short
2024-11-29 14:58:45,762 - INFO - Password checked: Weak
2024-11-29 14:58:50,530 - INFO - Password checked: Weak
2024-11-29 15:05:08,899 - INFO - Password checked: Too short
2024-11-29 15:11:40,391 - INFO - Password checked: Too short
2024-11-29 15:11:49,566 - INFO - Password checked: Too short
2024-11-29 15:11:59,120 - INFO - Password checked: Weak
2024-11-29 15:12:02,557 - INFO - Password checked: Weak
2024-11-29 15:12:08,032 - INFO - Password checked: Strong
2024-11-29 15:12:23,043 - INFO - Password checked: Strong
2024-11-29 15:12:24,395 - INFO - Password checked: Strong
2024-11-29 15:12:26,362 - INFO - Password checked: Strong
2024-11-29 15:12:31,094 - INFO - Password checked: Very Strong
2024-11-29 15:13:38,629 - INFO - Password checked: Too short
2024-11-29 15:17:26,695 - INFO - Password checked: Too short
2024-11-29 15:18:10,560 - INFO - Password checked: Not Allowed
2024-11-29 15:20:50,129 - INFO - Password checked: Not Allowed
2024-11-29 15:38:02,171 - INFO - Password checked: Weak
2024-11-29 15:48:20,011 - INFO - Password checked: Too short
2024-11-29 15:48:56,020 - INFO - Password checked: Weak
2024-11-29 15:49:06,896 - INFO - Password checked: Weak
2024-11-29 15:49:11,553 - INFO - Password checked: Strong
2024-11-29 15:49:19,392 - INFO - Password checked: Strong
2024-11-29 15:49:22,089 - INFO - Password checked: Very Strong
2024-11-29 16:30:11,265 - INFO - Password checked: Too short
2024-11-29 16:31:22,146 - INFO - Password checked: Too short
2024-11-29 16:31:29,655 - INFO - Password checked: Too short
2024-11-29 16:32:16,687 - INFO - Password checked: Too short
2024-11-29 16:38:30,590 - INFO - Password checked: Empty password
2024-11-29 16:40:23,452 - INFO - Password checked: Too short
2024-11-29 16:40:26,512 - INFO - Password checked: Weak
2024-11-29 16:40:31,995 - INFO - Password checked: Very Strong
2024-11-29 16:40:35,681 - INFO - Password checked: Too short
2024-11-29 16:40:38,567 - INFO - Password checked: Very Strong
2024-11-29 16:40:49,022 - INFO - Password checked: Too short
2024-11-29 16:40:51,585 - INFO - Password checked: Strong
2024-11-29 16:41:40,383 - INFO - Password checked: Not Allowed
2024-11-29 16:41:44,008 - INFO - Password checked: Weak
2024-11-29 16:41:49,622 - INFO - Password checked: Weak
2024-11-29 16:41:55,387 - INFO - Password checked: Weak
2024-11-29 16:42:09,099 - INFO - Password checked: Strong
2024-11-29 16:46:41,280 - INFO - Password checked: Too short
2024-11-29 16:46:53,838 - INFO - Password checked: Weak
2024-11-29 16:47:28,611 - INFO - Password checked: Very Strong
2024-11-29 16:47:31,373 - INFO - Password checked: Weak
2024-11-29 16:49:08,352 - INFO - Password checked: Strong
2024-11-29 16:49:44,996 - INFO - Password checked: Weak
2024-11-29 16:50:11,627 - INFO - Password checked: Too short
2024-11-29 16:50:15,581 - INFO - Password checked: Weak
2024-11-29 16:51:28,026 - INFO - Password checked: Weak
2024-11-29 16:51:35,333 - INFO - Password checked: Very Strong
2024-11-29 16:52:45,364 - INFO - Password checked: Too short
2024-11-29 16:52:47,960 - INFO - Password checked: Need more requirements
2024-11-29 16:53:45,932 - INFO - Password checked: Need more requirements
2024-11-29 16:53:53,981 - INFO - Password checked: Need more requirements
2024-11-29 16:59:24,892 - INFO - Password checked: Too short
2024-11-29 17:04:42,780 - INFO - Password checked: Very Strong
2024-11-29 17:06:20,123 - INFO - Password checked: Very Strong
2024-11-29 17:06:29,973 - INFO - Password checked: Very Strong
2024-11-29 17:07:29,654 - INFO - Password checked: Very Strong
2024-11-29 17:07:43,953 - INFO - Password checked: Too short
2024-11-29 17:07:46,415 - INFO - Password checked: Very Strong
2024-11-29 17:09:27,419 - INFO - Password checked: Inapprapriate Length
